<?xml version="1.0" encoding="UTF-8"?>
<!-- Generated by org.testng.reporters.JUnitReportReporter -->
<testsuite hostname="Shankari" failures="0" tests="1" name="com.fremwworkdev.Testcase.Login" time="31.828" errors="0" timestamp="30 Apr 2020 16:08:13 GMT" skipped="0">
  <testcase classname="com.fremwworkdev.Testcase.Login" name="Login_in" time="31.828"/>
</testsuite> <!-- com.fremwworkdev.Testcase.Login -->
