<?xml version="1.0" encoding="UTF-8"?>
<!-- Generated by org.testng.reporters.JUnitReportReporter -->
<testsuite hostname="Shankari" failures="0" tests="1" name="com.fremwworkdev.Testcase.Login" time="68.053" errors="0" timestamp="02 May 2020 10:34:23 GMT" skipped="0">
  <testcase classname="com.fremwworkdev.Testcase.Login" name="Login_in" time="68.053"/>
</testsuite> <!-- com.fremwworkdev.Testcase.Login -->
